#
# There is insufficient memory for the Java Runtime Environment to continue.
# Native memory allocation (malloc) failed to allocate 1048576 bytes for AllocateHeap
# Possible reasons:
#   The system is out of physical RAM or swap space
#   The process is running with CompressedOops enabled, and the Java Heap may be blocking the growth of the native heap
# Possible solutions:
#   Reduce memory load on the system
#   Increase physical memory or swap space
#   Check if swap backing store is full
#   Decrease Java heap size (-Xmx/-Xms)
#   Decrease number of Java threads
#   Decrease Java thread stack sizes (-Xss)
#   Set larger code cache with -XX:ReservedCodeCacheSize=
#   JVM is running with Unscaled Compressed Oops mode in which the Java heap is
#     placed in the first 4GB address space. The Java Heap base address is the
#     maximum limit for the native heap growth. Please use -XX:HeapBaseMinAddress
#     to set the Java Heap base and to place the Java Heap above 4GB virtual address.
# This output file may be truncated or incomplete.
#
#  Out of Memory Error (allocation.cpp:44), pid=20380, tid=8348
#
# JRE version:  (17.0.5+9) (build )
# Java VM: Java HotSpot(TM) 64-Bit Server VM (17.0.5+9-LTS-191, mixed mode, sharing, tiered, compressed oops, compressed class ptrs, g1 gc, windows-amd64)
# No core dump will be written. Minidumps are not enabled by default on client versions of Windows
#

---------------  S U M M A R Y ------------

Command Line: -javaagent:D:\Java\IntelliJ IDEA 2022.3.2\lib\idea_rt.jar=51077:D:\Java\IntelliJ IDEA 2022.3.2\bin -Dfile.encoding=UTF-8 HotelManagement.Admin

Host: Intel(R) Core(TM) i5-9300H CPU @ 2.40GHz, 8 cores, 7G,  Windows 10 , 64 bit Build 19041 (10.0.19041.3031)
Time: Wed Jun 14 14:48:13 2023 GTB Daylight Time elapsed time: 0.009562 seconds (0d 0h 0m 0s)

---------------  T H R E A D  ---------------

Current thread (0x000002732e2b3a70):  JavaThread "Unknown thread" [_thread_in_vm, id=8348, stack(0x000000867b400000,0x000000867b500000)]

Stack: [0x000000867b400000,0x000000867b500000]
Native frames: (J=compiled Java code, j=interpreted, Vv=VM code, C=native code)
V  [jvm.dll+0x672eea]
V  [jvm.dll+0x7d2a04]
V  [jvm.dll+0x7d41ae]
V  [jvm.dll+0x7d4813]
V  [jvm.dll+0x242c15]
V  [jvm.dll+0xa4b93]
V  [jvm.dll+0x2d3e34]
V  [jvm.dll+0x7a44ac]
V  [jvm.dll+0x365df1]
V  [jvm.dll+0x7838fc]
V  [jvm.dll+0x3e873f]
V  [jvm.dll+0x3ea1e1]
C  [jli.dll+0x527b]
C  [ucrtbase.dll+0x21bb2]
C  [KERNEL32.DLL+0x17614]
C  [ntdll.dll+0x526f1]


---------------  P R O C E S S  ---------------

Threads class SMR info:
_java_thread_list=0x00007ffc63fba8d8, length=0, elements={
}

Java Threads: ( => current thread )

Other Threads:

=>0x000002732e2b3a70 (exited) JavaThread "Unknown thread" [_thread_in_vm, id=8348, stack(0x000000867b400000,0x000000867b500000)]

Threads with active compile tasks:

VM state: not at safepoint (not fully initialized)

VM Mutex/Monitor currently owned by a thread: None

Heap address: 0x0000000000000000, size: 0 MB, Compressed Oops mode: 32-bit

CDS archive(s) mapped at: [0x0000000000000000-0x0000000000000000-0x0000000000000000), size 0, SharedBaseAddress: 0x0000000800000000, ArchiveRelocationMode: 0.
Narrow klass base: 0x0000000000000000, Narrow klass shift: 0, Narrow klass range: 0x0

GC Precious Log:
<Empty>

GC Heap History (0 events):
No events

Deoptimization events (0 events):
No events

Classes unloaded (0 events):
No events

Classes redefined (0 events):
No events

Internal exceptions (0 events):
No events

VM Operations (0 events):
No events

Events (1 events):
Event: 0.006 Loaded shared library C:\Program Files\Java\jdk-17.0.5\bin\java.dll


Dynamic libraries:
0x00007ff64bc90000 - 0x00007ff64bca0000 	C:\Program Files\Java\jdk-17.0.5\bin\java.exe
0x00007ffcd4a30000 - 0x00007ffcd4c28000 	C:\WINDOWS\SYSTEM32\ntdll.dll
0x00007ffcd4930000 - 0x00007ffcd49ef000 	C:\WINDOWS\System32\KERNEL32.DLL
0x00007ffcd2170000 - 0x00007ffcd2466000 	C:\WINDOWS\System32\KERNELBASE.dll
0x00007ffcd2510000 - 0x00007ffcd2610000 	C:\WINDOWS\System32\ucrtbase.dll
0x00007ffcb95b0000 - 0x00007ffcb95ca000 	C:\Program Files\Java\jdk-17.0.5\bin\VCRUNTIME140.dll
0x00007ffcbee50000 - 0x00007ffcbee68000 	C:\Program Files\Java\jdk-17.0.5\bin\jli.dll
0x00007ffcd4880000 - 0x00007ffcd492f000 	C:\WINDOWS\System32\ADVAPI32.dll
0x00007ffcd3730000 - 0x00007ffcd37ce000 	C:\WINDOWS\System32\msvcrt.dll
0x00007ffcd2d30000 - 0x00007ffcd2dcc000 	C:\WINDOWS\System32\sechost.dll
0x00007ffcd2c00000 - 0x00007ffcd2d26000 	C:\WINDOWS\System32\RPCRT4.dll
0x00007ffcd38c0000 - 0x00007ffcd3a5d000 	C:\WINDOWS\System32\USER32.dll
0x00007ffcd2140000 - 0x00007ffcd2162000 	C:\WINDOWS\System32\win32u.dll
0x00007ffca16d0000 - 0x00007ffca196a000 	C:\WINDOWS\WinSxS\amd64_microsoft.windows.common-controls_6595b64144ccf1df_6.0.19041.1110_none_60b5254171f9507e\COMCTL32.dll
0x00007ffcd35d0000 - 0x00007ffcd35fc000 	C:\WINDOWS\System32\GDI32.dll
0x00007ffcd2970000 - 0x00007ffcd2a85000 	C:\WINDOWS\System32\gdi32full.dll
0x00007ffcd2470000 - 0x00007ffcd250d000 	C:\WINDOWS\System32\msvcp_win.dll
0x00007ffccb160000 - 0x00007ffccb16a000 	C:\WINDOWS\SYSTEM32\VERSION.dll
0x00007ffcd44d0000 - 0x00007ffcd4500000 	C:\WINDOWS\System32\IMM32.DLL
0x00007ffcc5200000 - 0x00007ffcc520c000 	C:\Program Files\Java\jdk-17.0.5\bin\vcruntime140_1.dll
0x00007ffc7b9a0000 - 0x00007ffc7ba2d000 	C:\Program Files\Java\jdk-17.0.5\bin\msvcp140.dll
0x00007ffc63520000 - 0x00007ffc640e2000 	C:\Program Files\Java\jdk-17.0.5\bin\server\jvm.dll
0x00007ffcd43e0000 - 0x00007ffcd43e8000 	C:\WINDOWS\System32\PSAPI.DLL
0x00007ffca5110000 - 0x00007ffca5137000 	C:\WINDOWS\SYSTEM32\WINMM.dll
0x00007ffcba550000 - 0x00007ffcba559000 	C:\WINDOWS\SYSTEM32\WSOCK32.dll
0x00007ffcd3dd0000 - 0x00007ffcd3e3b000 	C:\WINDOWS\System32\WS2_32.dll
0x00007ffcd0950000 - 0x00007ffcd0962000 	C:\WINDOWS\SYSTEM32\kernel.appcore.dll
0x00007ffcbee40000 - 0x00007ffcbee4a000 	C:\Program Files\Java\jdk-17.0.5\bin\jimage.dll
0x00007ffccfd70000 - 0x00007ffccff54000 	C:\WINDOWS\SYSTEM32\DBGHELP.DLL
0x00007ffcb8b40000 - 0x00007ffcb8b74000 	C:\WINDOWS\SYSTEM32\dbgcore.DLL
0x00007ffcd28e0000 - 0x00007ffcd2962000 	C:\WINDOWS\System32\bcryptPrimitives.dll
0x00007ffc962e0000 - 0x00007ffc962ee000 	C:\Program Files\Java\jdk-17.0.5\bin\instrument.dll
0x00007ffca1320000 - 0x00007ffca1345000 	C:\Program Files\Java\jdk-17.0.5\bin\java.dll

dbghelp: loaded successfully - version: 4.0.5 - missing functions: none
symbol engine: initialized successfully - sym options: 0x614 - pdb path: .;C:\Program Files\Java\jdk-17.0.5\bin;C:\WINDOWS\SYSTEM32;C:\WINDOWS\WinSxS\amd64_microsoft.windows.common-controls_6595b64144ccf1df_6.0.19041.1110_none_60b5254171f9507e;C:\Program Files\Java\jdk-17.0.5\bin\server

VM Arguments:
jvm_args: -javaagent:D:\Java\IntelliJ IDEA 2022.3.2\lib\idea_rt.jar=51077:D:\Java\IntelliJ IDEA 2022.3.2\bin -Dfile.encoding=UTF-8 
java_command: HotelManagement.Admin
java_class_path (initial): C:\Users\Lenovo\OneDrive - unibuc.ro\Desktop\MDS partea mea din nou\Proiect-MDS\Hotel Management System\target\classes;C:\Users\Lenovo\.m2\repository\com\sun\mail\jakarta.mail\2.0.1\jakarta.mail-2.0.1.jar;C:\Users\Lenovo\.m2\repository\com\sun\activation\jakarta.activation\2.0.1\jakarta.activation-2.0.1.jar;C:\Users\Lenovo\OneDrive - unibuc.ro\Desktop\jars\javax.mail-1.6.2.jar;C:\Users\Lenovo\OneDrive - unibuc.ro\Desktop\jars\jdatepicker-1.3.4.jar;C:\Users\Lenovo\OneDrive - unibuc.ro\Desktop\jars\ojdbc11.jar
Launcher Type: SUN_STANDARD

[Global flags]
     intx CICompilerCount                          = 4                                         {product} {ergonomic}
     uint ConcGCThreads                            = 2                                         {product} {ergonomic}
     uint G1ConcRefinementThreads                  = 8                                         {product} {ergonomic}
   size_t G1HeapRegionSize                         = 1048576                                   {product} {ergonomic}
    uintx GCDrainStackTargetSize                   = 64                                        {product} {ergonomic}
   size_t InitialHeapSize                          = 134217728                                 {product} {ergonomic}
   size_t MarkStackSize                            = 4194304                                   {product} {ergonomic}
   size_t MaxHeapSize                              = 2118123520                                {product} {ergonomic}
   size_t MinHeapDeltaBytes                        = 1048576                                   {product} {ergonomic}
   size_t MinHeapSize                              = 8388608                                   {product} {ergonomic}
    uintx NonNMethodCodeHeapSize                   = 5839372                                {pd product} {ergonomic}
    uintx NonProfiledCodeHeapSize                  = 122909434                              {pd product} {ergonomic}
    uintx ProfiledCodeHeapSize                     = 122909434                              {pd product} {ergonomic}
    uintx ReservedCodeCacheSize                    = 251658240                              {pd product} {ergonomic}
     bool SegmentedCodeCache                       = true                                      {product} {ergonomic}
   size_t SoftMaxHeapSize                          = 2118123520                             {manageable} {ergonomic}
     bool UseCompressedClassPointers               = true                           {product lp64_product} {ergonomic}
     bool UseCompressedOops                        = true                           {product lp64_product} {ergonomic}
     bool UseG1GC                                  = true                                      {product} {ergonomic}
     bool UseLargePagesIndividualAllocation        = false                                  {pd product} {ergonomic}

Logging:
Log output configuration:
 #0: stdout all=warning uptime,level,tags
 #1: stderr all=off uptime,level,tags

Environment Variables:
PATH=D:\Oracle\dbhomeXE\bin;D:\SQL\dbhomeXE\bin;C:\Python310\Scripts\;C:\Python310\;C:\Program Files\Microsoft\jdk-11.0.12.7-hotspot\bin;C:\Program Files\NVIDIA GPU Computing Toolkit\CUDA\v11.7\bin;C:\Program Files\NVIDIA GPU Computing Toolkit\CUDA\v11.7\libnvvp;C:\Program Files\Common Files\Oracle\Java\javapath;C:\Program Files (x86)\Common Files\Oracle\Java\javapath;C:\ProgramData\Oracle\Java\javapath;C:\Windows\system32;C:\Windows;C:\Windows\System32\Wbem;C:\Windows\System32\WindowsPowerShell\v1.0\;C:\Program Files\NVIDIA Corporation\NVIDIA NvDLISR;C:\WINDOWS\system32;C:\WINDOWS;C:\WINDOWS\System32\Wbem;C:\WINDOWS\System32\WindowsPowerShell\v1.0\;C:\WINDOWS\System32\OpenSSH\;C:\Program Files\Microsoft SQL Server\130\Tools\Binn\;C:\Program Files (x86)\NVIDIA Corporation\PhysX\Common;D:\CPU\Process Lasso\;C:\Program Files\Microsoft SQL Server\Client SDK\ODBC\170\Tools\Binn\;C:\WINDOWS\system32;C:\WINDOWS;C:\WINDOWS\System32\Wbem;C:\WINDOWS\System32\WindowsPowerShell\v1.0\;C:\WINDOWS\System32\OpenSSH\;D:\Git\cmd;C:\Program Files (x86)\Microsoft SQL Server\150\Tools\Binn\;C:\Program Files\Microsoft SQL Server\150\Tools\Binn\;C:\Program Files\Microsoft SQL Server\150\DTS\Binn\;C:\Program Files (x86)\Microsoft SQL Server\150\DTS\Binn\;C:\Program Files\Azure Data Studio\bin;C:\Program Files\nodejs\;C:\ProgramData\chocolatey\bin;C:\Program Files\NVIDIA Corporation\Nsight Compute 2022.2.1\;D:\LaTex\miktex\bin\x64\;C:\Program Files\dotnet\;C:\Users\Lenovo\AppData\Local\Microsoft\WindowsApps;;C:\Users\Lenovo\AppData\Local\Programs\Microsoft VS Code\bin;C:\Program Files\Azure Data Studio\bin;C:\Users\Lenovo\AppData\Roaming\npm;D:\PyCharm\PyCharm Community Edition 2022.2.1\bin;;C:\ghcup\bin;C:\Users\Lenovo\.dotnet\tools;D:\Java\IntelliJ IDEA 2022.3.2\bin;
USERNAME=Lenovo
OS=Windows_NT
PROCESSOR_IDENTIFIER=Intel64 Family 6 Model 158 Stepping 10, GenuineIntel



---------------  S Y S T E M  ---------------

OS:
 Windows 10 , 64 bit Build 19041 (10.0.19041.3031)
OS uptime: 0 days 0:25 hours

CPU: total 8 (initial active 8) (4 cores per cpu, 2 threads per core) family 6 model 158 stepping 10 microcode 0xc6, cx8, cmov, fxsr, ht, mmx, 3dnowpref, sse, sse2, sse3, ssse3, sse4.1, sse4.2, popcnt, lzcnt, tsc, tscinvbit, avx, avx2, aes, erms, clmul, bmi1, bmi2, adx, fma, vzeroupper, clflush, clflushopt

Memory: 4k page, system-wide physical 8072M (391M free)
TotalPageFile size 15098M (AvailPageFile size 3M)
current process WorkingSet (physical memory assigned to process): 9M, peak: 9M
current process commit charge ("private bytes"): 15M, peak: 16M

vm_info: Java HotSpot(TM) 64-Bit Server VM (17.0.5+9-LTS-191) for windows-amd64 JRE (17.0.5+9-LTS-191), built on Sep 13 2022 17:31:43 by "mach5one" with MS VC++ 16.8 / 16.9 (VS2019)

END.
