#
# There is insufficient memory for the Java Runtime Environment to continue.
# Native memory allocation (malloc) failed to allocate 32744 bytes for ChunkPool::allocate
# Possible reasons:
#   The system is out of physical RAM or swap space
#   The process is running with CompressedOops enabled, and the Java Heap may be blocking the growth of the native heap
# Possible solutions:
#   Reduce memory load on the system
#   Increase physical memory or swap space
#   Check if swap backing store is full
#   Decrease Java heap size (-Xmx/-Xms)
#   Decrease number of Java threads
#   Decrease Java thread stack sizes (-Xss)
#   Set larger code cache with -XX:ReservedCodeCacheSize=
#   JVM is running with Unscaled Compressed Oops mode in which the Java heap is
#     placed in the first 4GB address space. The Java Heap base address is the
#     maximum limit for the native heap growth. Please use -XX:HeapBaseMinAddress
#     to set the Java Heap base and to place the Java Heap above 4GB virtual address.
# This output file may be truncated or incomplete.
#
#  Out of Memory Error (arena.cpp:78), pid=20876, tid=19308
#
# JRE version: Java(TM) SE Runtime Environment (17.0.5+9) (build 17.0.5+9-LTS-191)
# Java VM: Java HotSpot(TM) 64-Bit Server VM (17.0.5+9-LTS-191, mixed mode, sharing, tiered, compressed oops, compressed class ptrs, g1 gc, windows-amd64)
# No core dump will be written. Minidumps are not enabled by default on client versions of Windows
#

---------------  S U M M A R Y ------------

Command Line: -javaagent:D:\Java\IntelliJ IDEA 2022.3.2\lib\idea_rt.jar=63968:D:\Java\IntelliJ IDEA 2022.3.2\bin -Dfile.encoding=UTF-8 HotelManagement.RoomDirectory.Room

Host: Intel(R) Core(TM) i5-9300H CPU @ 2.40GHz, 8 cores, 7G,  Windows 10 , 64 bit Build 19041 (10.0.19041.3031)
Time: Thu Jun 15 12:25:50 2023 GTB Daylight Time elapsed time: 1.310068 seconds (0d 0h 0m 1s)

---------------  T H R E A D  ---------------

Current thread (0x000001df0411bb20):  JavaThread "C1 CompilerThread0" daemon [_thread_in_native, id=19308, stack(0x000000a3e7000000,0x000000a3e7100000)]


Current CompileTask:
C1:   1310  884   !   3       java.awt.DefaultKeyboardFocusManager::dispatchEvent (1621 bytes)

Stack: [0x000000a3e7000000,0x000000a3e7100000]
Native frames: (J=compiled Java code, j=interpreted, Vv=VM code, C=native code)
V  [jvm.dll+0x672eea]
V  [jvm.dll+0x7d2a04]
V  [jvm.dll+0x7d41ae]
V  [jvm.dll+0x7d4813]
V  [jvm.dll+0x242c15]
V  [jvm.dll+0xaa7c0]
V  [jvm.dll+0xaab0c]
V  [jvm.dll+0x172877]
V  [jvm.dll+0x167683]
V  [jvm.dll+0x1616d2]
V  [jvm.dll+0x15baae]
V  [jvm.dll+0x149dc0]
V  [jvm.dll+0x132907]
V  [jvm.dll+0x13228f]
V  [jvm.dll+0x1324c6]
V  [jvm.dll+0x13195a]
V  [jvm.dll+0x133621]
V  [jvm.dll+0x22493a]
V  [jvm.dll+0x222aa5]
V  [jvm.dll+0x7885db]
V  [jvm.dll+0x782b4a]
V  [jvm.dll+0x671d75]
C  [ucrtbase.dll+0x21bb2]
C  [KERNEL32.DLL+0x17614]
C  [ntdll.dll+0x526f1]


---------------  P R O C E S S  ---------------

Threads class SMR info:
_java_thread_list=0x000001df04fdf260, length=17, elements={
0x000001df040f5500, 0x000001df040f6b10, 0x000001df0410c830, 0x000001df0410d3e0,
0x000001df04112580, 0x000001df041101a0, 0x000001df04111490, 0x000001df0411bb20,
0x000001df04129360, 0x000001df04c8c8b0, 0x000001df04dd6af0, 0x000001df04dd6fc0,
0x000001df04efb5e0, 0x000001df04f6f7f0, 0x000001df04f74620, 0x000001df04f50e10,
0x000001df63fa1810
}

Java Threads: ( => current thread )
  0x000001df040f5500 JavaThread "Reference Handler" daemon [_thread_blocked, id=5156, stack(0x000000a3e6900000,0x000000a3e6a00000)]
  0x000001df040f6b10 JavaThread "Finalizer" daemon [_thread_blocked, id=6304, stack(0x000000a3e6a00000,0x000000a3e6b00000)]
  0x000001df0410c830 JavaThread "Signal Dispatcher" daemon [_thread_blocked, id=11784, stack(0x000000a3e6b00000,0x000000a3e6c00000)]
  0x000001df0410d3e0 JavaThread "Attach Listener" daemon [_thread_blocked, id=6112, stack(0x000000a3e6c00000,0x000000a3e6d00000)]
  0x000001df04112580 JavaThread "Service Thread" daemon [_thread_blocked, id=21220, stack(0x000000a3e6d00000,0x000000a3e6e00000)]
  0x000001df041101a0 JavaThread "Monitor Deflation Thread" daemon [_thread_blocked, id=1824, stack(0x000000a3e6e00000,0x000000a3e6f00000)]
  0x000001df04111490 JavaThread "C2 CompilerThread0" daemon [_thread_blocked, id=21328, stack(0x000000a3e6f00000,0x000000a3e7000000)]
=>0x000001df0411bb20 JavaThread "C1 CompilerThread0" daemon [_thread_in_native, id=19308, stack(0x000000a3e7000000,0x000000a3e7100000)]
  0x000001df04129360 JavaThread "Sweeper thread" daemon [_thread_blocked, id=21236, stack(0x000000a3e7100000,0x000000a3e7200000)]
  0x000001df04c8c8b0 JavaThread "Common-Cleaner" daemon [_thread_blocked, id=16124, stack(0x000000a3e7200000,0x000000a3e7300000)]
  0x000001df04dd6af0 JavaThread "Monitor Ctrl-Break" daemon [_thread_in_native, id=12436, stack(0x000000a3e7300000,0x000000a3e7400000)]
  0x000001df04dd6fc0 JavaThread "Notification Thread" daemon [_thread_blocked, id=21076, stack(0x000000a3e7400000,0x000000a3e7500000)]
  0x000001df04efb5e0 JavaThread "Java2D Disposer" daemon [_thread_blocked, id=21392, stack(0x000000a3e7600000,0x000000a3e7700000)]
  0x000001df04f6f7f0 JavaThread "AWT-Shutdown" [_thread_blocked, id=14236, stack(0x000000a3e7700000,0x000000a3e7800000)]
  0x000001df04f74620 JavaThread "AWT-Windows" daemon [_thread_in_native, id=12236, stack(0x000000a3e7800000,0x000000a3e7900000)]
  0x000001df04f50e10 JavaThread "AWT-EventQueue-0" [_thread_in_native, id=5372, stack(0x000000a3e7900000,0x000000a3e7a00000)]
  0x000001df63fa1810 JavaThread "DestroyJavaVM" [_thread_blocked, id=14420, stack(0x000000a3e6200000,0x000000a3e6300000)]

Other Threads:
  0x000001df040f0160 VMThread "VM Thread" [stack: 0x000000a3e6800000,0x000000a3e6900000] [id=20748]
  0x000001df64016400 WatcherThread [stack: 0x000000a3e7500000,0x000000a3e7600000] [id=2024]
  0x000001df63ffbfd0 GCTaskThread "GC Thread#0" [stack: 0x000000a3e6300000,0x000000a3e6400000] [id=284]
  0x000001df6400dba0 ConcurrentGCThread "G1 Main Marker" [stack: 0x000000a3e6400000,0x000000a3e6500000] [id=21396]
  0x000001df6400ed50 ConcurrentGCThread "G1 Conc#0" [stack: 0x000000a3e6500000,0x000000a3e6600000] [id=7132]
  0x000001df64077960 ConcurrentGCThread "G1 Refine#0" [stack: 0x000000a3e6600000,0x000000a3e6700000] [id=20560]
  0x000001df64078380 ConcurrentGCThread "G1 Service" [stack: 0x000000a3e6700000,0x000000a3e6800000] [id=16528]

Threads with active compile tasks:
C1 CompilerThread0     1333  884   !   3       java.awt.DefaultKeyboardFocusManager::dispatchEvent (1621 bytes)

VM state: not at safepoint (normal execution)

VM Mutex/Monitor currently owned by a thread: None

Heap address: 0x0000000081c00000, size: 2020 MB, Compressed Oops mode: 32-bit

CDS archive(s) mapped at: [0x0000000800000000-0x0000000800bd0000-0x0000000800bd0000), size 12386304, SharedBaseAddress: 0x0000000800000000, ArchiveRelocationMode: 0.
Compressed class space mapped at: 0x0000000800c00000-0x0000000840c00000, reserved size: 1073741824
Narrow klass base: 0x0000000800000000, Narrow klass shift: 0, Narrow klass range: 0x100000000

GC Precious Log:
 CPUs: 8 total, 8 available
 Memory: 8072M
 Large Page Support: Disabled
 NUMA Support: Disabled
 Compressed Oops: Enabled (32-bit)
 Heap Region Size: 1M
 Heap Min Capacity: 8M
 Heap Initial Capacity: 128M
 Heap Max Capacity: 2020M
 Pre-touch: Disabled
 Parallel Workers: 8
 Concurrent Workers: 2
 Concurrent Refinement Workers: 8
 Periodic GC: Disabled

Heap:
 garbage-first heap   total 131072K, used 8192K [0x0000000081c00000, 0x0000000100000000)
  region size 1024K, 8 young (8192K), 0 survivors (0K)
 Metaspace       used 7000K, committed 7232K, reserved 1056768K
  class space    used 748K, committed 896K, reserved 1048576K

Heap Regions: E=young(eden), S=young(survivor), O=old, HS=humongous(starts), HC=humongous(continues), CS=collection set, F=free, OA=open archive, CA=closed archive, TAMS=top-at-mark-start (previous, next)
|   0|0x0000000081c00000, 0x0000000081d00000, 0x0000000081d00000|100%|HS|  |TAMS 0x0000000081c00000, 0x0000000081c00000| Complete 
|   1|0x0000000081d00000, 0x0000000081e00000, 0x0000000081e00000|100%|HC|  |TAMS 0x0000000081d00000, 0x0000000081d00000| Complete 
|   2|0x0000000081e00000, 0x0000000081e00000, 0x0000000081f00000|  0%| F|  |TAMS 0x0000000081e00000, 0x0000000081e00000| Untracked 
|   3|0x0000000081f00000, 0x0000000081f00000, 0x0000000082000000|  0%| F|  |TAMS 0x0000000081f00000, 0x0000000081f00000| Untracked 
|   4|0x0000000082000000, 0x0000000082000000, 0x0000000082100000|  0%| F|  |TAMS 0x0000000082000000, 0x0000000082000000| Untracked 
|   5|0x0000000082100000, 0x0000000082100000, 0x0000000082200000|  0%| F|  |TAMS 0x0000000082100000, 0x0000000082100000| Untracked 
|   6|0x0000000082200000, 0x0000000082200000, 0x0000000082300000|  0%| F|  |TAMS 0x0000000082200000, 0x0000000082200000| Untracked 
|   7|0x0000000082300000, 0x0000000082300000, 0x0000000082400000|  0%| F|  |TAMS 0x0000000082300000, 0x0000000082300000| Untracked 
|   8|0x0000000082400000, 0x0000000082400000, 0x0000000082500000|  0%| F|  |TAMS 0x0000000082400000, 0x0000000082400000| Untracked 
|   9|0x0000000082500000, 0x0000000082500000, 0x0000000082600000|  0%| F|  |TAMS 0x0000000082500000, 0x0000000082500000| Untracked 
|  10|0x0000000082600000, 0x0000000082600000, 0x0000000082700000|  0%| F|  |TAMS 0x0000000082600000, 0x0000000082600000| Untracked 
|  11|0x0000000082700000, 0x0000000082700000, 0x0000000082800000|  0%| F|  |TAMS 0x0000000082700000, 0x0000000082700000| Untracked 
|  12|0x0000000082800000, 0x0000000082800000, 0x0000000082900000|  0%| F|  |TAMS 0x0000000082800000, 0x0000000082800000| Untracked 
|  13|0x0000000082900000, 0x0000000082900000, 0x0000000082a00000|  0%| F|  |TAMS 0x0000000082900000, 0x0000000082900000| Untracked 
|  14|0x0000000082a00000, 0x0000000082a00000, 0x0000000082b00000|  0%| F|  |TAMS 0x0000000082a00000, 0x0000000082a00000| Untracked 
|  15|0x0000000082b00000, 0x0000000082b00000, 0x0000000082c00000|  0%| F|  |TAMS 0x0000000082b00000, 0x0000000082b00000| Untracked 
|  16|0x0000000082c00000, 0x0000000082c00000, 0x0000000082d00000|  0%| F|  |TAMS 0x0000000082c00000, 0x0000000082c00000| Untracked 
|  17|0x0000000082d00000, 0x0000000082d00000, 0x0000000082e00000|  0%| F|  |TAMS 0x0000000082d00000, 0x0000000082d00000| Untracked 
|  18|0x0000000082e00000, 0x0000000082e00000, 0x0000000082f00000|  0%| F|  |TAMS 0x0000000082e00000, 0x0000000082e00000| Untracked 
|  19|0x0000000082f00000, 0x0000000082f00000, 0x0000000083000000|  0%| F|  |TAMS 0x0000000082f00000, 0x0000000082f00000| Untracked 
|  20|0x0000000083000000, 0x0000000083000000, 0x0000000083100000|  0%| F|  |TAMS 0x0000000083000000, 0x0000000083000000| Untracked 
|  21|0x0000000083100000, 0x0000000083100000, 0x0000000083200000|  0%| F|  |TAMS 0x0000000083100000, 0x0000000083100000| Untracked 
|  22|0x0000000083200000, 0x0000000083200000, 0x0000000083300000|  0%| F|  |TAMS 0x0000000083200000, 0x0000000083200000| Untracked 
|  23|0x0000000083300000, 0x0000000083300000, 0x0000000083400000|  0%| F|  |TAMS 0x0000000083300000, 0x0000000083300000| Untracked 
|  24|0x0000000083400000, 0x0000000083400000, 0x0000000083500000|  0%| F|  |TAMS 0x0000000083400000, 0x0000000083400000| Untracked 
|  25|0x0000000083500000, 0x0000000083500000, 0x0000000083600000|  0%| F|  |TAMS 0x0000000083500000, 0x0000000083500000| Untracked 
|  26|0x0000000083600000, 0x0000000083600000, 0x0000000083700000|  0%| F|  |TAMS 0x0000000083600000, 0x0000000083600000| Untracked 
|  27|0x0000000083700000, 0x0000000083700000, 0x0000000083800000|  0%| F|  |TAMS 0x0000000083700000, 0x0000000083700000| Untracked 
|  28|0x0000000083800000, 0x0000000083800000, 0x0000000083900000|  0%| F|  |TAMS 0x0000000083800000, 0x0000000083800000| Untracked 
|  29|0x0000000083900000, 0x0000000083900000, 0x0000000083a00000|  0%| F|  |TAMS 0x0000000083900000, 0x0000000083900000| Untracked 
|  30|0x0000000083a00000, 0x0000000083a00000, 0x0000000083b00000|  0%| F|  |TAMS 0x0000000083a00000, 0x0000000083a00000| Untracked 
|  31|0x0000000083b00000, 0x0000000083b00000, 0x0000000083c00000|  0%| F|  |TAMS 0x0000000083b00000, 0x0000000083b00000| Untracked 
|  32|0x0000000083c00000, 0x0000000083c00000, 0x0000000083d00000|  0%| F|  |TAMS 0x0000000083c00000, 0x0000000083c00000| Untracked 
|  33|0x0000000083d00000, 0x0000000083d00000, 0x0000000083e00000|  0%| F|  |TAMS 0x0000000083d00000, 0x0000000083d00000| Untracked 
|  34|0x0000000083e00000, 0x0000000083e00000, 0x0000000083f00000|  0%| F|  |TAMS 0x0000000083e00000, 0x0000000083e00000| Untracked 
|  35|0x0000000083f00000, 0x0000000083f00000, 0x0000000084000000|  0%| F|  |TAMS 0x0000000083f00000, 0x0000000083f00000| Untracked 
|  36|0x0000000084000000, 0x0000000084000000, 0x0000000084100000|  0%| F|  |TAMS 0x0000000084000000, 0x0000000084000000| Untracked 
|  37|0x0000000084100000, 0x0000000084100000, 0x0000000084200000|  0%| F|  |TAMS 0x0000000084100000, 0x0000000084100000| Untracked 
|  38|0x0000000084200000, 0x0000000084200000, 0x0000000084300000|  0%| F|  |TAMS 0x0000000084200000, 0x0000000084200000| Untracked 
|  39|0x0000000084300000, 0x0000000084300000, 0x0000000084400000|  0%| F|  |TAMS 0x0000000084300000, 0x0000000084300000| Untracked 
|  40|0x0000000084400000, 0x0000000084400000, 0x0000000084500000|  0%| F|  |TAMS 0x0000000084400000, 0x0000000084400000| Untracked 
|  41|0x0000000084500000, 0x0000000084500000, 0x0000000084600000|  0%| F|  |TAMS 0x0000000084500000, 0x0000000084500000| Untracked 
|  42|0x0000000084600000, 0x0000000084600000, 0x0000000084700000|  0%| F|  |TAMS 0x0000000084600000, 0x0000000084600000| Untracked 
|  43|0x0000000084700000, 0x0000000084700000, 0x0000000084800000|  0%| F|  |TAMS 0x0000000084700000, 0x0000000084700000| Untracked 
|  44|0x0000000084800000, 0x0000000084800000, 0x0000000084900000|  0%| F|  |TAMS 0x0000000084800000, 0x0000000084800000| Untracked 
|  45|0x0000000084900000, 0x0000000084900000, 0x0000000084a00000|  0%| F|  |TAMS 0x0000000084900000, 0x0000000084900000| Untracked 
|  46|0x0000000084a00000, 0x0000000084a00000, 0x0000000084b00000|  0%| F|  |TAMS 0x0000000084a00000, 0x0000000084a00000| Untracked 
|  47|0x0000000084b00000, 0x0000000084b00000, 0x0000000084c00000|  0%| F|  |TAMS 0x0000000084b00000, 0x0000000084b00000| Untracked 
|  48|0x0000000084c00000, 0x0000000084c00000, 0x0000000084d00000|  0%| F|  |TAMS 0x0000000084c00000, 0x0000000084c00000| Untracked 
|  49|0x0000000084d00000, 0x0000000084d00000, 0x0000000084e00000|  0%| F|  |TAMS 0x0000000084d00000, 0x0000000084d00000| Untracked 
|  50|0x0000000084e00000, 0x0000000084e00000, 0x0000000084f00000|  0%| F|  |TAMS 0x0000000084e00000, 0x0000000084e00000| Untracked 
|  51|0x0000000084f00000, 0x0000000084f00000, 0x0000000085000000|  0%| F|  |TAMS 0x0000000084f00000, 0x0000000084f00000| Untracked 
|  52|0x0000000085000000, 0x0000000085000000, 0x0000000085100000|  0%| F|  |TAMS 0x0000000085000000, 0x0000000085000000| Untracked 
|  53|0x0000000085100000, 0x0000000085100000, 0x0000000085200000|  0%| F|  |TAMS 0x0000000085100000, 0x0000000085100000| Untracked 
|  54|0x0000000085200000, 0x0000000085200000, 0x0000000085300000|  0%| F|  |TAMS 0x0000000085200000, 0x0000000085200000| Untracked 
|  55|0x0000000085300000, 0x0000000085300000, 0x0000000085400000|  0%| F|  |TAMS 0x0000000085300000, 0x0000000085300000| Untracked 
|  56|0x0000000085400000, 0x0000000085400000, 0x0000000085500000|  0%| F|  |TAMS 0x0000000085400000, 0x0000000085400000| Untracked 
|  57|0x0000000085500000, 0x0000000085500000, 0x0000000085600000|  0%| F|  |TAMS 0x0000000085500000, 0x0000000085500000| Untracked 
|  58|0x0000000085600000, 0x0000000085600000, 0x0000000085700000|  0%| F|  |TAMS 0x0000000085600000, 0x0000000085600000| Untracked 
|  59|0x0000000085700000, 0x0000000085700000, 0x0000000085800000|  0%| F|  |TAMS 0x0000000085700000, 0x0000000085700000| Untracked 
|  60|0x0000000085800000, 0x0000000085800000, 0x0000000085900000|  0%| F|  |TAMS 0x0000000085800000, 0x0000000085800000| Untracked 
|  61|0x0000000085900000, 0x0000000085900000, 0x0000000085a00000|  0%| F|  |TAMS 0x0000000085900000, 0x0000000085900000| Untracked 
|  62|0x0000000085a00000, 0x0000000085a00000, 0x0000000085b00000|  0%| F|  |TAMS 0x0000000085a00000, 0x0000000085a00000| Untracked 
|  63|0x0000000085b00000, 0x0000000085b00000, 0x0000000085c00000|  0%| F|  |TAMS 0x0000000085b00000, 0x0000000085b00000| Untracked 
|  64|0x0000000085c00000, 0x0000000085c00000, 0x0000000085d00000|  0%| F|  |TAMS 0x0000000085c00000, 0x0000000085c00000| Untracked 
|  65|0x0000000085d00000, 0x0000000085d00000, 0x0000000085e00000|  0%| F|  |TAMS 0x0000000085d00000, 0x0000000085d00000| Untracked 
|  66|0x0000000085e00000, 0x0000000085e00000, 0x0000000085f00000|  0%| F|  |TAMS 0x0000000085e00000, 0x0000000085e00000| Untracked 
|  67|0x0000000085f00000, 0x0000000085f00000, 0x0000000086000000|  0%| F|  |TAMS 0x0000000085f00000, 0x0000000085f00000| Untracked 
|  68|0x0000000086000000, 0x0000000086000000, 0x0000000086100000|  0%| F|  |TAMS 0x0000000086000000, 0x0000000086000000| Untracked 
|  69|0x0000000086100000, 0x0000000086100000, 0x0000000086200000|  0%| F|  |TAMS 0x0000000086100000, 0x0000000086100000| Untracked 
|  70|0x0000000086200000, 0x0000000086200000, 0x0000000086300000|  0%| F|  |TAMS 0x0000000086200000, 0x0000000086200000| Untracked 
|  71|0x0000000086300000, 0x0000000086300000, 0x0000000086400000|  0%| F|  |TAMS 0x0000000086300000, 0x0000000086300000| Untracked 
|  72|0x0000000086400000, 0x0000000086400000, 0x0000000086500000|  0%| F|  |TAMS 0x0000000086400000, 0x0000000086400000| Untracked 
|  73|0x0000000086500000, 0x0000000086500000, 0x0000000086600000|  0%| F|  |TAMS 0x0000000086500000, 0x0000000086500000| Untracked 
|  74|0x0000000086600000, 0x0000000086600000, 0x0000000086700000|  0%| F|  |TAMS 0x0000000086600000, 0x0000000086600000| Untracked 
|  75|0x0000000086700000, 0x0000000086700000, 0x0000000086800000|  0%| F|  |TAMS 0x0000000086700000, 0x0000000086700000| Untracked 
|  76|0x0000000086800000, 0x0000000086800000, 0x0000000086900000|  0%| F|  |TAMS 0x0000000086800000, 0x0000000086800000| Untracked 
|  77|0x0000000086900000, 0x0000000086900000, 0x0000000086a00000|  0%| F|  |TAMS 0x0000000086900000, 0x0000000086900000| Untracked 
|  78|0x0000000086a00000, 0x0000000086a00000, 0x0000000086b00000|  0%| F|  |TAMS 0x0000000086a00000, 0x0000000086a00000| Untracked 
|  79|0x0000000086b00000, 0x0000000086b00000, 0x0000000086c00000|  0%| F|  |TAMS 0x0000000086b00000, 0x0000000086b00000| Untracked 
|  80|0x0000000086c00000, 0x0000000086c00000, 0x0000000086d00000|  0%| F|  |TAMS 0x0000000086c00000, 0x0000000086c00000| Untracked 
|  81|0x0000000086d00000, 0x0000000086d00000, 0x0000000086e00000|  0%| F|  |TAMS 0x0000000086d00000, 0x0000000086d00000| Untracked 
|  82|0x0000000086e00000, 0x0000000086e00000, 0x0000000086f00000|  0%| F|  |TAMS 0x0000000086e00000, 0x0000000086e00000| Untracked 
|  83|0x0000000086f00000, 0x0000000086f00000, 0x0000000087000000|  0%| F|  |TAMS 0x0000000086f00000, 0x0000000086f00000| Untracked 
|  84|0x0000000087000000, 0x0000000087000000, 0x0000000087100000|  0%| F|  |TAMS 0x0000000087000000, 0x0000000087000000| Untracked 
|  85|0x0000000087100000, 0x0000000087100000, 0x0000000087200000|  0%| F|  |TAMS 0x0000000087100000, 0x0000000087100000| Untracked 
|  86|0x0000000087200000, 0x0000000087200000, 0x0000000087300000|  0%| F|  |TAMS 0x0000000087200000, 0x0000000087200000| Untracked 
|  87|0x0000000087300000, 0x0000000087300000, 0x0000000087400000|  0%| F|  |TAMS 0x0000000087300000, 0x0000000087300000| Untracked 
|  88|0x0000000087400000, 0x0000000087400000, 0x0000000087500000|  0%| F|  |TAMS 0x0000000087400000, 0x0000000087400000| Untracked 
|  89|0x0000000087500000, 0x0000000087500000, 0x0000000087600000|  0%| F|  |TAMS 0x0000000087500000, 0x0000000087500000| Untracked 
|  90|0x0000000087600000, 0x0000000087600000, 0x0000000087700000|  0%| F|  |TAMS 0x0000000087600000, 0x0000000087600000| Untracked 
|  91|0x0000000087700000, 0x0000000087700000, 0x0000000087800000|  0%| F|  |TAMS 0x0000000087700000, 0x0000000087700000| Untracked 
|  92|0x0000000087800000, 0x0000000087800000, 0x0000000087900000|  0%| F|  |TAMS 0x0000000087800000, 0x0000000087800000| Untracked 
|  93|0x0000000087900000, 0x0000000087900000, 0x0000000087a00000|  0%| F|  |TAMS 0x0000000087900000, 0x0000000087900000| Untracked 
|  94|0x0000000087a00000, 0x0000000087a00000, 0x0000000087b00000|  0%| F|  |TAMS 0x0000000087a00000, 0x0000000087a00000| Untracked 
|  95|0x0000000087b00000, 0x0000000087b00000, 0x0000000087c00000|  0%| F|  |TAMS 0x0000000087b00000, 0x0000000087b00000| Untracked 
|  96|0x0000000087c00000, 0x0000000087c00000, 0x0000000087d00000|  0%| F|  |TAMS 0x0000000087c00000, 0x0000000087c00000| Untracked 
|  97|0x0000000087d00000, 0x0000000087d00000, 0x0000000087e00000|  0%| F|  |TAMS 0x0000000087d00000, 0x0000000087d00000| Untracked 
|  98|0x0000000087e00000, 0x0000000087e00000, 0x0000000087f00000|  0%| F|  |TAMS 0x0000000087e00000, 0x0000000087e00000| Untracked 
|  99|0x0000000087f00000, 0x0000000087f00000, 0x0000000088000000|  0%| F|  |TAMS 0x0000000087f00000, 0x0000000087f00000| Untracked 
| 100|0x0000000088000000, 0x0000000088000000, 0x0000000088100000|  0%| F|  |TAMS 0x0000000088000000, 0x0000000088000000| Untracked 
| 101|0x0000000088100000, 0x0000000088100000, 0x0000000088200000|  0%| F|  |TAMS 0x0000000088100000, 0x0000000088100000| Untracked 
| 102|0x0000000088200000, 0x0000000088200000, 0x0000000088300000|  0%| F|  |TAMS 0x0000000088200000, 0x0000000088200000| Untracked 
| 103|0x0000000088300000, 0x0000000088300000, 0x0000000088400000|  0%| F|  |TAMS 0x0000000088300000, 0x0000000088300000| Untracked 
| 104|0x0000000088400000, 0x0000000088400000, 0x0000000088500000|  0%| F|  |TAMS 0x0000000088400000, 0x0000000088400000| Untracked 
| 105|0x0000000088500000, 0x0000000088500000, 0x0000000088600000|  0%| F|  |TAMS 0x0000000088500000, 0x0000000088500000| Untracked 
| 106|0x0000000088600000, 0x0000000088600000, 0x0000000088700000|  0%| F|  |TAMS 0x0000000088600000, 0x0000000088600000| Untracked 
| 107|0x0000000088700000, 0x0000000088700000, 0x0000000088800000|  0%| F|  |TAMS 0x0000000088700000, 0x0000000088700000| Untracked 
| 108|0x0000000088800000, 0x0000000088800000, 0x0000000088900000|  0%| F|  |TAMS 0x0000000088800000, 0x0000000088800000| Untracked 
| 109|0x0000000088900000, 0x0000000088900000, 0x0000000088a00000|  0%| F|  |TAMS 0x0000000088900000, 0x0000000088900000| Untracked 
| 110|0x0000000088a00000, 0x0000000088a00000, 0x0000000088b00000|  0%| F|  |TAMS 0x0000000088a00000, 0x0000000088a00000| Untracked 
| 111|0x0000000088b00000, 0x0000000088b00000, 0x0000000088c00000|  0%| F|  |TAMS 0x0000000088b00000, 0x0000000088b00000| Untracked 
| 112|0x0000000088c00000, 0x0000000088c00000, 0x0000000088d00000|  0%| F|  |TAMS 0x0000000088c00000, 0x0000000088c00000| Untracked 
| 113|0x0000000088d00000, 0x0000000088d00000, 0x0000000088e00000|  0%| F|  |TAMS 0x0000000088d00000, 0x0000000088d00000| Untracked 
| 114|0x0000000088e00000, 0x0000000088e00000, 0x0000000088f00000|  0%| F|  |TAMS 0x0000000088e00000, 0x0000000088e00000| Untracked 
| 115|0x0000000088f00000, 0x0000000088f00000, 0x0000000089000000|  0%| F|  |TAMS 0x0000000088f00000, 0x0000000088f00000| Untracked 
| 116|0x0000000089000000, 0x0000000089000000, 0x0000000089100000|  0%| F|  |TAMS 0x0000000089000000, 0x0000000089000000| Untracked 
| 117|0x0000000089100000, 0x0000000089100000, 0x0000000089200000|  0%| F|  |TAMS 0x0000000089100000, 0x0000000089100000| Untracked 
| 118|0x0000000089200000, 0x0000000089200000, 0x0000000089300000|  0%| F|  |TAMS 0x0000000089200000, 0x0000000089200000| Untracked 
| 119|0x0000000089300000, 0x0000000089300000, 0x0000000089400000|  0%| F|  |TAMS 0x0000000089300000, 0x0000000089300000| Untracked 
| 120|0x0000000089400000, 0x00000000894ec0f0, 0x0000000089500000| 92%| E|  |TAMS 0x0000000089400000, 0x0000000089400000| Complete 
| 121|0x0000000089500000, 0x0000000089600000, 0x0000000089600000|100%| E|CS|TAMS 0x0000000089500000, 0x0000000089500000| Complete 
| 122|0x0000000089600000, 0x0000000089700000, 0x0000000089700000|100%| E|CS|TAMS 0x0000000089600000, 0x0000000089600000| Complete 
| 123|0x0000000089700000, 0x0000000089800000, 0x0000000089800000|100%| E|CS|TAMS 0x0000000089700000, 0x0000000089700000| Complete 
| 124|0x0000000089800000, 0x0000000089900000, 0x0000000089900000|100%| E|CS|TAMS 0x0000000089800000, 0x0000000089800000| Complete 
| 125|0x0000000089900000, 0x0000000089a00000, 0x0000000089a00000|100%| E|CS|TAMS 0x0000000089900000, 0x0000000089900000| Complete 
| 126|0x0000000089a00000, 0x0000000089b00000, 0x0000000089b00000|100%| E|  |TAMS 0x0000000089a00000, 0x0000000089a00000| Complete 
| 127|0x0000000089b00000, 0x0000000089c00000, 0x0000000089c00000|100%| E|CS|TAMS 0x0000000089b00000, 0x0000000089b00000| Complete 

Card table byte_map: [0x000001df7ce60000,0x000001df7d260000] _byte_map_base: 0x000001df7ca52000

Marking Bits (Prev, Next): (CMBitMap*) 0x000001df63ffc5e0, (CMBitMap*) 0x000001df63ffc620
 Prev Bits: [0x000001df7d660000, 0x000001df7f5f0000)
 Next Bits: [0x000001df00000000, 0x000001df01f90000)

Polling page: 0x000001df64080000

Metaspace:

Usage:
  Non-class:      6.11 MB used.
      Class:    748.59 KB used.
       Both:      6.84 MB used.

Virtual space:
  Non-class space:        8.00 MB reserved,       6.19 MB ( 77%) committed,  1 nodes.
      Class space:        1.00 GB reserved,     896.00 KB ( <1%) committed,  1 nodes.
             Both:        1.01 GB reserved,       7.06 MB ( <1%) committed. 

Chunk freelists:
   Non-Class:  1.00 MB
       Class:  3.11 MB
        Both:  4.11 MB

MaxMetaspaceSize: unlimited
CompressedClassSpaceSize: 1.00 GB
Initial GC threshold: 21.00 MB
Current GC threshold: 21.00 MB
CDS: on
MetaspaceReclaimPolicy: balanced
 - commit_granule_bytes: 65536.
 - commit_granule_words: 8192.
 - virtual_space_node_default_size: 1048576.
 - enlarge_chunks_in_place: 1.
 - new_chunks_are_fully_committed: 0.
 - uncommit_free_chunks: 1.
 - use_allocation_guard: 0.
 - handle_deallocations: 1.


Internal statistics:

num_allocs_failed_limit: 0.
num_arena_births: 110.
num_arena_deaths: 0.
num_vsnodes_births: 2.
num_vsnodes_deaths: 0.
num_space_committed: 113.
num_space_uncommitted: 0.
num_chunks_returned_to_freelist: 0.
num_chunks_taken_from_freelist: 155.
num_chunk_merges: 0.
num_chunk_splits: 84.
num_chunks_enlarged: 26.
num_purges: 0.
num_inconsistent_stats: 0.

CodeHeap 'non-profiled nmethods': size=120000Kb used=240Kb max_used=240Kb free=119759Kb
 bounds [0x000001df74ac0000, 0x000001df74d30000, 0x000001df7bff0000]
CodeHeap 'profiled nmethods': size=120000Kb used=1356Kb max_used=1356Kb free=118643Kb
 bounds [0x000001df6d590000, 0x000001df6d800000, 0x000001df74ac0000]
CodeHeap 'non-nmethods': size=5760Kb used=1249Kb max_used=1264Kb free=4511Kb
 bounds [0x000001df6cff0000, 0x000001df6d260000, 0x000001df6d590000]
 total_blobs=1452 nmethods=883 adapters=482
 compilation: enabled
              stopped_count=0, restarted_count=0
 full_count=0

Compilation events (20 events):
Event: 1.227 Thread 0x000001df0411bb20 nmethod 873 0x000001df6d6dde10 code [0x000001df6d6ddfc0, 0x000001df6d6de1b8]
Event: 1.227 Thread 0x000001df0411bb20  874   !   3       java.awt.event.InputEvent::canAccessSystemClipboard (57 bytes)
Event: 1.228 Thread 0x000001df0411bb20 nmethod 874 0x000001df6d6de310 code [0x000001df6d6de5a0, 0x000001df6d6df248]
Event: 1.263 Thread 0x000001df0411bb20  875       3       sun.awt.SunToolkit::getSystemEventQueueImplPP (13 bytes)
Event: 1.263 Thread 0x000001df0411bb20 nmethod 875 0x000001df6d6df710 code [0x000001df6d6df8c0, 0x000001df6d6dfae8]
Event: 1.279 Thread 0x000001df0411bb20  876       3       java.awt.Toolkit::getEventQueue (7 bytes)
Event: 1.279 Thread 0x000001df0411bb20 nmethod 876 0x000001df6d6dfc10 code [0x000001df6d6dfe00, 0x000001df6d6e0228]
Event: 1.279 Thread 0x000001df0411bb20  877       3       sun.awt.SunToolkit::getSystemEventQueueImpl (4 bytes)
Event: 1.280 Thread 0x000001df0411bb20 nmethod 877 0x000001df6d6e0410 code [0x000001df6d6e05e0, 0x000001df6d6e0918]
Event: 1.280 Thread 0x000001df0411bb20  878       3       sun.awt.SunToolkit::getSystemEventQueueImplPP (7 bytes)
Event: 1.280 Thread 0x000001df0411bb20 nmethod 878 0x000001df6d6e0a90 code [0x000001df6d6e0c60, 0x000001df6d6e0f18]
Event: 1.285 Thread 0x000001df0411bb20  879       3       java.awt.EventQueue::cacheEQItem (60 bytes)
Event: 1.285 Thread 0x000001df0411bb20 nmethod 879 0x000001df6d6e1010 code [0x000001df6d6e11e0, 0x000001df6d6e19c8]
Event: 1.285 Thread 0x000001df0411bb20  880   !   3       sun.awt.AWTAutoShutdown::notifyThreadBusy (88 bytes)
Event: 1.285 Thread 0x000001df0411bb20 nmethod 880 0x000001df6d6e1b90 code [0x000001df6d6e1d80, 0x000001df6d6e22f8]
Event: 1.293 Thread 0x000001df0411bb20  882       3       java.awt.EventQueue::setCurrentEventAndMostRecentTime (8 bytes)
Event: 1.293 Thread 0x000001df0411bb20 nmethod 882 0x000001df6d6e2610 code [0x000001df6d6e2800, 0x000001df6d6e2cb8]
Event: 1.297 Thread 0x000001df0411bb20  883       3       sun.awt.SunToolkit::isTouchKeyboardAutoShowEnabled (4 bytes)
Event: 1.297 Thread 0x000001df0411bb20 nmethod 883 0x000001df6d6e2e90 code [0x000001df6d6e3020, 0x000001df6d6e3118]
Event: 1.299 Thread 0x000001df0411bb20  884   !   3       java.awt.DefaultKeyboardFocusManager::dispatchEvent (1621 bytes)

GC Heap History (0 events):
No events

Deoptimization events (20 events):
Event: 0.094 Thread 0x000001df63fa1810 Uncommon trap: trap_request=0xffffffde fr.pc=0x000001df74acc138 relative=0x0000000000000858
Event: 0.094 Thread 0x000001df63fa1810 Uncommon trap: reason=class_check action=maybe_recompile pc=0x000001df74acc138 method=java.util.HashMap.putVal(ILjava/lang/Object;Ljava/lang/Object;ZZ)Ljava/lang/Object; @ 152 c2
Event: 0.094 Thread 0x000001df63fa1810 DEOPT PACKING pc=0x000001df74acc138 sp=0x000000a3e62fe480
Event: 0.094 Thread 0x000001df63fa1810 DEOPT UNPACKING pc=0x000001df6d0423a3 sp=0x000000a3e62fe400 mode 2
Event: 0.094 Thread 0x000001df63fa1810 Uncommon trap: trap_request=0xffffffde fr.pc=0x000001df74acc138 relative=0x0000000000000858
Event: 0.094 Thread 0x000001df63fa1810 Uncommon trap: reason=class_check action=maybe_recompile pc=0x000001df74acc138 method=java.util.HashMap.putVal(ILjava/lang/Object;Ljava/lang/Object;ZZ)Ljava/lang/Object; @ 152 c2
Event: 0.094 Thread 0x000001df63fa1810 DEOPT PACKING pc=0x000001df74acc138 sp=0x000000a3e62fe480
Event: 0.094 Thread 0x000001df63fa1810 DEOPT UNPACKING pc=0x000001df6d0423a3 sp=0x000000a3e62fe400 mode 2
Event: 0.318 Thread 0x000001df63fa1810 DEOPT PACKING pc=0x000001df6d5bbce7 sp=0x000000a3e62fc890
Event: 0.318 Thread 0x000001df63fa1810 DEOPT UNPACKING pc=0x000001df6d042b43 sp=0x000000a3e62fbcb0 mode 0
Event: 0.323 Thread 0x000001df63fa1810 DEOPT PACKING pc=0x000001df6d5a09d1 sp=0x000000a3e62fcb00
Event: 0.323 Thread 0x000001df63fa1810 DEOPT UNPACKING pc=0x000001df6d042b43 sp=0x000000a3e62fbf78 mode 0
Event: 0.329 Thread 0x000001df63fa1810 Uncommon trap: trap_request=0xffffff45 fr.pc=0x000001df74ae9958 relative=0x0000000000000518
Event: 0.329 Thread 0x000001df63fa1810 Uncommon trap: reason=unstable_if action=reinterpret pc=0x000001df74ae9958 method=java.lang.StringLatin1.replace([BCC)Ljava/lang/String; @ 19 c2
Event: 0.329 Thread 0x000001df63fa1810 DEOPT PACKING pc=0x000001df74ae9958 sp=0x000000a3e62fe590
Event: 0.329 Thread 0x000001df63fa1810 DEOPT UNPACKING pc=0x000001df6d0423a3 sp=0x000000a3e62fe510 mode 2
Event: 0.377 Thread 0x000001df04f50e10 Uncommon trap: trap_request=0xffffff45 fr.pc=0x000001df74aec95c relative=0x00000000000008dc
Event: 0.377 Thread 0x000001df04f50e10 Uncommon trap: reason=unstable_if action=reinterpret pc=0x000001df74aec95c method=java.util.HashMap.putVal(ILjava/lang/Object;Ljava/lang/Object;ZZ)Ljava/lang/Object; @ 181 c2
Event: 0.377 Thread 0x000001df04f50e10 DEOPT PACKING pc=0x000001df74aec95c sp=0x000000a3e79fcec0
Event: 0.377 Thread 0x000001df04f50e10 DEOPT UNPACKING pc=0x000001df6d0423a3 sp=0x000000a3e79fce08 mode 2

Classes unloaded (0 events):
No events

Classes redefined (0 events):
No events

Internal exceptions (13 events):
Event: 0.122 Thread 0x000001df04dd6af0 Exception <a 'java/lang/NoSuchMethodError'{0x0000000089af0848}: 'java.lang.Object java.lang.invoke.DirectMethodHandle$Holder.invokeStaticInit(java.lang.Object)'> (0x0000000089af0848) 
thrown [s\open\src\hotspot\share\interpreter\linkResolver.cpp, line 759]
Event: 0.128 Thread 0x000001df04dd6af0 Exception <a 'java/lang/NoSuchMethodError'{0x0000000089afe668}: 'void java.lang.invoke.DirectMethodHandle$Holder.invokeStatic(java.lang.Object, java.lang.Object)'> (0x0000000089afe668) 
thrown [s\open\src\hotspot\share\interpreter\linkResolver.cpp, line 759]
Event: 0.132 Thread 0x000001df63fa1810 Exception <a 'java/lang/ClassNotFoundException'{0x0000000089944b50}: sun/awt/resources/spi/awtProvider> (0x0000000089944b50) 
thrown [s\open\src\hotspot\share\classfile\systemDictionary.cpp, line 256]
Event: 0.156 Thread 0x000001df63fa1810 Exception <a 'java/io/FileNotFoundException'{0x0000000089998848}> (0x0000000089998848) 
thrown [s\open\src\hotspot\share\prims\jni.cpp, line 516]
Event: 0.164 Thread 0x000001df63fa1810 Exception <a 'java/io/FileNotFoundException'{0x00000000898143e0}> (0x00000000898143e0) 
thrown [s\open\src\hotspot\share\prims\jni.cpp, line 516]
Event: 0.223 Thread 0x000001df63fa1810 Exception <a 'java/lang/NoSuchMethodError'{0x0000000089726da0}: 'void java.lang.invoke.DirectMethodHandle$Holder.invokeSpecial(java.lang.Object, java.lang.Object, java.lang.Object)'> (0x0000000089726da0) 
thrown [s\open\src\hotspot\share\interpreter\linkResolver.cpp, line 759]
Event: 0.230 Thread 0x000001df63fa1810 Exception <a 'java/lang/NoSuchMethodError'{0x0000000089751030}: 'java.lang.Object java.lang.invoke.DirectMethodHandle$Holder.newInvokeSpecial(java.lang.Object, java.lang.Object, java.lang.Object, java.lang.Object, java.lang.Object)'> (0x0000000089751030) 
thrown [s\open\src\hotspot\share\interpreter\linkResolver.cpp, line 759]
Event: 0.232 Thread 0x000001df63fa1810 Exception <a 'java/lang/NoSuchMethodError'{0x000000008975c9f8}: 'java.lang.Object java.lang.invoke.DirectMethodHandle$Holder.invokeStatic(java.lang.Object, int, java.lang.Object, java.lang.Object, java.lang.Object, java.lang.Object)'> (0x000000008975c9f8) 
thrown [s\open\src\hotspot\share\interpreter\linkResolver.cpp, line 759]
Event: 0.237 Thread 0x000001df63fa1810 Exception <a 'java/lang/NoSuchMethodError'{0x00000000897824b8}: 'java.lang.Object java.lang.invoke.DirectMethodHandle$Holder.invokeStatic(java.lang.Object, int, java.lang.Object)'> (0x00000000897824b8) 
thrown [s\open\src\hotspot\share\interpreter\linkResolver.cpp, line 759]
Event: 0.259 Thread 0x000001df63fa1810 Exception <a 'java/lang/ClassNotFoundException'{0x000000008963a8d8}: com/sun/swing/internal/plaf/metal/resources/spi/metalProvider> (0x000000008963a8d8) 
thrown [s\open\src\hotspot\share\classfile\systemDictionary.cpp, line 256]
Event: 0.260 Thread 0x000001df63fa1810 Exception <a 'java/lang/ClassNotFoundException'{0x000000008963e730}: com/sun/swing/internal/plaf/basic/resources/spi/basicProvider> (0x000000008963e730) 
thrown [s\open\src\hotspot\share\classfile\systemDictionary.cpp, line 256]
Event: 0.296 Thread 0x000001df63fa1810 Exception <a 'java/lang/NoSuchMethodError'{0x00000000896f5080}: 'void java.lang.invoke.DirectMethodHandle$Holder.invokeStaticInit(java.lang.Object)'> (0x00000000896f5080) 
thrown [s\open\src\hotspot\share\interpreter\linkResolver.cpp, line 759]
Event: 0.346 Thread 0x000001df04f74620 Exception <a 'java/lang/NoSuchMethodError'{0x00000000898fc488}: 'void java.lang.invoke.DirectMethodHandle$Holder.invokeVirtual(java.lang.Object, java.lang.Object)'> (0x00000000898fc488) 
thrown [s\open\src\hotspot\share\interpreter\linkResolver.cpp, line 759]

VM Operations (10 events):
Event: 0.059 Executing VM operation: HandshakeAllThreads
Event: 0.059 Executing VM operation: HandshakeAllThreads done
Event: 0.103 Executing VM operation: HandshakeAllThreads
Event: 0.120 Executing VM operation: HandshakeAllThreads done
Event: 0.269 Executing VM operation: HandshakeAllThreads
Event: 0.269 Executing VM operation: HandshakeAllThreads done
Event: 0.318 Executing VM operation: HandshakeAllThreads
Event: 0.318 Executing VM operation: HandshakeAllThreads done
Event: 0.360 Executing VM operation: HandshakeAllThreads
Event: 0.360 Executing VM operation: HandshakeAllThreads done

Events (20 events):
Event: 1.124 loading class sun/util/locale/provider/BaseLocaleDataMetaInfo
Event: 1.124 loading class sun/util/locale/provider/BaseLocaleDataMetaInfo done
Event: 1.126 loading class sun/util/resources/cldr/TimeZoneNames
Event: 1.126 loading class sun/util/resources/TimeZoneNamesBundle
Event: 1.126 loading class sun/util/resources/OpenListResourceBundle
Event: 1.126 loading class sun/util/resources/OpenListResourceBundle done
Event: 1.126 loading class sun/util/resources/TimeZoneNamesBundle done
Event: 1.126 loading class sun/util/resources/cldr/TimeZoneNames done
Event: 1.126 loading class sun/util/resources/cldr/TimeZoneNames_en
Event: 1.127 loading class sun/util/resources/cldr/TimeZoneNames_en done
Event: 1.127 loading class sun/util/resources/cldr/TimeZoneNames_en_US
Event: 1.127 loading class sun/util/resources/cldr/TimeZoneNames_en_US done
Event: 1.129 loading class java/util/LinkedHashMap$LinkedKeySet
Event: 1.129 loading class java/util/LinkedHashMap$LinkedKeySet done
Event: 1.129 loading class sun/util/resources/TimeZoneNames
Event: 1.130 loading class sun/util/resources/TimeZoneNames done
Event: 1.130 loading class sun/util/resources/TimeZoneNames_en
Event: 1.130 loading class sun/util/resources/TimeZoneNames_en done
Event: 1.168 loading class javax/swing/event/ChangeEvent
Event: 1.168 loading class javax/swing/event/ChangeEvent done


Dynamic libraries:
0x00007ff7d7d50000 - 0x00007ff7d7d60000 	C:\Program Files\Java\jdk-17.0.5\bin\java.exe
0x00007ffe76db0000 - 0x00007ffe76fa8000 	C:\WINDOWS\SYSTEM32\ntdll.dll
0x00007ffe76900000 - 0x00007ffe769bf000 	C:\WINDOWS\System32\KERNEL32.DLL
0x00007ffe74710000 - 0x00007ffe74a06000 	C:\WINDOWS\System32\KERNELBASE.dll
0x00007ffe74bd0000 - 0x00007ffe74cd0000 	C:\WINDOWS\System32\ucrtbase.dll
0x00007ffe41e40000 - 0x00007ffe41e5a000 	C:\Program Files\Java\jdk-17.0.5\bin\VCRUNTIME140.dll
0x00007ffe402e0000 - 0x00007ffe402f8000 	C:\Program Files\Java\jdk-17.0.5\bin\jli.dll
0x00007ffe75dc0000 - 0x00007ffe75e6f000 	C:\WINDOWS\System32\ADVAPI32.dll
0x00007ffe76050000 - 0x00007ffe760ee000 	C:\WINDOWS\System32\msvcrt.dll
0x00007ffe75cc0000 - 0x00007ffe75d5c000 	C:\WINDOWS\System32\sechost.dll
0x00007ffe76220000 - 0x00007ffe76346000 	C:\WINDOWS\System32\RPCRT4.dll
0x00007ffe76bd0000 - 0x00007ffe76d6d000 	C:\WINDOWS\System32\USER32.dll
0x00007ffe74d90000 - 0x00007ffe74db2000 	C:\WINDOWS\System32\win32u.dll
0x00007ffe43ff0000 - 0x00007ffe4428a000 	C:\WINDOWS\WinSxS\amd64_microsoft.windows.common-controls_6595b64144ccf1df_6.0.19041.1110_none_60b5254171f9507e\COMCTL32.dll
0x00007ffe75560000 - 0x00007ffe7558c000 	C:\WINDOWS\System32\GDI32.dll
0x00007ffe74a10000 - 0x00007ffe74b25000 	C:\WINDOWS\System32\gdi32full.dll
0x00007ffe74b30000 - 0x00007ffe74bcd000 	C:\WINDOWS\System32\msvcp_win.dll
0x00007ffe6c4e0000 - 0x00007ffe6c4ea000 	C:\WINDOWS\SYSTEM32\VERSION.dll
0x00007ffe76aa0000 - 0x00007ffe76ad0000 	C:\WINDOWS\System32\IMM32.DLL
0x00007ffe42730000 - 0x00007ffe4273c000 	C:\Program Files\Java\jdk-17.0.5\bin\vcruntime140_1.dll
0x00007ffe16500000 - 0x00007ffe1658d000 	C:\Program Files\Java\jdk-17.0.5\bin\msvcp140.dll
0x00007ffdde6f0000 - 0x00007ffddf2b2000 	C:\Program Files\Java\jdk-17.0.5\bin\server\jvm.dll
0x00007ffe75cb0000 - 0x00007ffe75cb8000 	C:\WINDOWS\System32\PSAPI.DLL
0x00007ffe49680000 - 0x00007ffe496a7000 	C:\WINDOWS\SYSTEM32\WINMM.dll
0x00007ffe5b870000 - 0x00007ffe5b879000 	C:\WINDOWS\SYSTEM32\WSOCK32.dll
0x00007ffe767c0000 - 0x00007ffe7682b000 	C:\WINDOWS\System32\WS2_32.dll
0x00007ffe72cc0000 - 0x00007ffe72cd2000 	C:\WINDOWS\SYSTEM32\kernel.appcore.dll
0x00007ffe41dc0000 - 0x00007ffe41dca000 	C:\Program Files\Java\jdk-17.0.5\bin\jimage.dll
0x00007ffe72240000 - 0x00007ffe72424000 	C:\WINDOWS\SYSTEM32\DBGHELP.DLL
0x00007ffe44ee0000 - 0x00007ffe44f14000 	C:\WINDOWS\SYSTEM32\dbgcore.DLL
0x00007ffe74cd0000 - 0x00007ffe74d52000 	C:\WINDOWS\System32\bcryptPrimitives.dll
0x00007ffe41e10000 - 0x00007ffe41e1e000 	C:\Program Files\Java\jdk-17.0.5\bin\instrument.dll
0x00007ffe3be80000 - 0x00007ffe3bea5000 	C:\Program Files\Java\jdk-17.0.5\bin\java.dll
0x00007ffe09b20000 - 0x00007ffe09bf6000 	C:\Program Files\Java\jdk-17.0.5\bin\jsvml.dll
0x00007ffe74e10000 - 0x00007ffe75554000 	C:\WINDOWS\System32\SHELL32.dll
0x00007ffe72520000 - 0x00007ffe72cb3000 	C:\WINDOWS\SYSTEM32\windows.storage.dll
0x00007ffe75590000 - 0x00007ffe758e4000 	C:\WINDOWS\System32\combase.dll
0x00007ffe73ee0000 - 0x00007ffe73f0e000 	C:\WINDOWS\SYSTEM32\Wldp.dll
0x00007ffe75f80000 - 0x00007ffe7602d000 	C:\WINDOWS\System32\SHCORE.dll
0x00007ffe75d60000 - 0x00007ffe75db5000 	C:\WINDOWS\System32\shlwapi.dll
0x00007ffe743d0000 - 0x00007ffe743ef000 	C:\WINDOWS\SYSTEM32\profapi.dll
0x00007ffe23c00000 - 0x00007ffe23c18000 	C:\Program Files\Java\jdk-17.0.5\bin\zip.dll
0x00007ffe3f3a0000 - 0x00007ffe3f3b9000 	C:\Program Files\Java\jdk-17.0.5\bin\net.dll
0x00007ffe69fa0000 - 0x00007ffe6a0aa000 	C:\WINDOWS\SYSTEM32\WINHTTP.dll
0x00007ffe73c40000 - 0x00007ffe73caa000 	C:\WINDOWS\system32\mswsock.dll
0x00007ffe37d10000 - 0x00007ffe37d26000 	C:\Program Files\Java\jdk-17.0.5\bin\nio.dll
0x00007ffe41df0000 - 0x00007ffe41e0a000 	D:\Java\IntelliJ IDEA 2022.3.2\bin\breakgen64.dll
0x00007ffe0f960000 - 0x00007ffe0faef000 	C:\Program Files\Java\jdk-17.0.5\bin\awt.dll
0x00007ffe76830000 - 0x00007ffe768fd000 	C:\WINDOWS\System32\OLEAUT32.dll
0x00007ffe718e0000 - 0x00007ffe71971000 	C:\WINDOWS\SYSTEM32\apphelp.dll
0x00007ffe71cb0000 - 0x00007ffe71cdf000 	C:\WINDOWS\system32\DWMAPI.DLL
0x00007ffe71a50000 - 0x00007ffe71aee000 	C:\WINDOWS\system32\uxtheme.dll
0x00007ffe310b0000 - 0x00007ffe311d5000 	C:\WINDOWS\system32\opengl32.dll
0x00007ffe30e90000 - 0x00007ffe30ebc000 	C:\WINDOWS\SYSTEM32\GLU32.dll
0x00007ffe75b90000 - 0x00007ffe75ca4000 	C:\WINDOWS\System32\MSCTF.dll
0x00007ffe760f0000 - 0x00007ffe7621a000 	C:\WINDOWS\System32\ole32.dll
0x00007ffe38660000 - 0x00007ffe386e6000 	C:\Program Files\Java\jdk-17.0.5\bin\freetype.dll
0x00007ffe0f890000 - 0x00007ffe0f955000 	C:\Program Files\Java\jdk-17.0.5\bin\fontmanager.dll
0x00007ffe67260000 - 0x00007ffe67359000 	C:\WINDOWS\SYSTEM32\textinputframework.dll
0x00007ffe715d0000 - 0x00007ffe716c2000 	C:\WINDOWS\System32\CoreMessaging.dll
0x00007ffe71270000 - 0x00007ffe715ce000 	C:\WINDOWS\System32\CoreUIComponents.dll
0x00007ffe73630000 - 0x00007ffe73663000 	C:\WINDOWS\SYSTEM32\ntmarta.dll
0x00007ffe70ba0000 - 0x00007ffe70cf4000 	C:\WINDOWS\SYSTEM32\wintypes.dll
0x00007ffe24dd0000 - 0x00007ffe250c5000 	C:\Windows\System32\uiautomationcore.dll
0x00007ffe6fa70000 - 0x00007ffe6fb66000 	C:\Windows\System32\PROPSYS.dll
0x00007ffe73e50000 - 0x00007ffe73e5c000 	C:\WINDOWS\SYSTEM32\CRYPTBASE.DLL
0x00007ffe38bc0000 - 0x00007ffe38c26000 	C:\Windows\System32\OLEACC.dll
0x00007ffe75e70000 - 0x00007ffe75f19000 	C:\WINDOWS\System32\clbcatq.dll

dbghelp: loaded successfully - version: 4.0.5 - missing functions: none
symbol engine: initialized successfully - sym options: 0x614 - pdb path: .;C:\Program Files\Java\jdk-17.0.5\bin;C:\WINDOWS\SYSTEM32;C:\WINDOWS\WinSxS\amd64_microsoft.windows.common-controls_6595b64144ccf1df_6.0.19041.1110_none_60b5254171f9507e;C:\Program Files\Java\jdk-17.0.5\bin\server;D:\Java\IntelliJ IDEA 2022.3.2\bin

VM Arguments:
jvm_args: -javaagent:D:\Java\IntelliJ IDEA 2022.3.2\lib\idea_rt.jar=63968:D:\Java\IntelliJ IDEA 2022.3.2\bin -Dfile.encoding=UTF-8 
java_command: HotelManagement.RoomDirectory.Room
java_class_path (initial): C:\Users\Lenovo\OneDrive - unibuc.ro\Desktop\MDS partea mea din nou\Proiect-MDS\Hotel Management System\target\classes;C:\Users\Lenovo\.m2\repository\com\sun\mail\jakarta.mail\2.0.1\jakarta.mail-2.0.1.jar;C:\Users\Lenovo\.m2\repository\com\sun\activation\jakarta.activation\2.0.1\jakarta.activation-2.0.1.jar;C:\Users\Lenovo\OneDrive - unibuc.ro\Desktop\jars\javax.mail-1.6.2.jar;C:\Users\Lenovo\OneDrive - unibuc.ro\Desktop\jars\jdatepicker-1.3.4.jar;C:\Users\Lenovo\OneDrive - unibuc.ro\Desktop\jars\ojdbc11.jar
Launcher Type: SUN_STANDARD

[Global flags]
     intx CICompilerCount                          = 4                                         {product} {ergonomic}
     uint ConcGCThreads                            = 2                                         {product} {ergonomic}
     uint G1ConcRefinementThreads                  = 8                                         {product} {ergonomic}
   size_t G1HeapRegionSize                         = 1048576                                   {product} {ergonomic}
    uintx GCDrainStackTargetSize                   = 64                                        {product} {ergonomic}
   size_t InitialHeapSize                          = 134217728                                 {product} {ergonomic}
   size_t MarkStackSize                            = 4194304                                   {product} {ergonomic}
   size_t MaxHeapSize                              = 2118123520                                {product} {ergonomic}
   size_t MaxNewSize                               = 1270874112                                {product} {ergonomic}
   size_t MinHeapDeltaBytes                        = 1048576                                   {product} {ergonomic}
   size_t MinHeapSize                              = 8388608                                   {product} {ergonomic}
    uintx NonNMethodCodeHeapSize                   = 5839372                                {pd product} {ergonomic}
    uintx NonProfiledCodeHeapSize                  = 122909434                              {pd product} {ergonomic}
    uintx ProfiledCodeHeapSize                     = 122909434                              {pd product} {ergonomic}
    uintx ReservedCodeCacheSize                    = 251658240                              {pd product} {ergonomic}
     bool SegmentedCodeCache                       = true                                      {product} {ergonomic}
   size_t SoftMaxHeapSize                          = 2118123520                             {manageable} {ergonomic}
     bool UseCompressedClassPointers               = true                           {product lp64_product} {ergonomic}
     bool UseCompressedOops                        = true                           {product lp64_product} {ergonomic}
     bool UseG1GC                                  = true                                      {product} {ergonomic}
     bool UseLargePagesIndividualAllocation        = false                                  {pd product} {ergonomic}

Logging:
Log output configuration:
 #0: stdout all=warning uptime,level,tags
 #1: stderr all=off uptime,level,tags

Environment Variables:
PATH=D:\Oracle\dbhomeXE\bin;D:\SQL\dbhomeXE\bin;C:\Python310\Scripts\;C:\Python310\;C:\Program Files\Microsoft\jdk-11.0.12.7-hotspot\bin;C:\Program Files\NVIDIA GPU Computing Toolkit\CUDA\v11.7\bin;C:\Program Files\NVIDIA GPU Computing Toolkit\CUDA\v11.7\libnvvp;C:\Program Files\Common Files\Oracle\Java\javapath;C:\Program Files (x86)\Common Files\Oracle\Java\javapath;C:\ProgramData\Oracle\Java\javapath;C:\Windows\system32;C:\Windows;C:\Windows\System32\Wbem;C:\Windows\System32\WindowsPowerShell\v1.0\;C:\Program Files\NVIDIA Corporation\NVIDIA NvDLISR;C:\WINDOWS\system32;C:\WINDOWS;C:\WINDOWS\System32\Wbem;C:\WINDOWS\System32\WindowsPowerShell\v1.0\;C:\WINDOWS\System32\OpenSSH\;C:\Program Files\Microsoft SQL Server\130\Tools\Binn\;C:\Program Files (x86)\NVIDIA Corporation\PhysX\Common;D:\CPU\Process Lasso\;C:\Program Files\Microsoft SQL Server\Client SDK\ODBC\170\Tools\Binn\;C:\WINDOWS\system32;C:\WINDOWS;C:\WINDOWS\System32\Wbem;C:\WINDOWS\System32\WindowsPowerShell\v1.0\;C:\WINDOWS\System32\OpenSSH\;D:\Git\cmd;C:\Program Files (x86)\Microsoft SQL Server\150\Tools\Binn\;C:\Program Files\Microsoft SQL Server\150\Tools\Binn\;C:\Program Files\Microsoft SQL Server\150\DTS\Binn\;C:\Program Files (x86)\Microsoft SQL Server\150\DTS\Binn\;C:\Program Files\Azure Data Studio\bin;C:\Program Files\nodejs\;C:\ProgramData\chocolatey\bin;C:\Program Files\NVIDIA Corporation\Nsight Compute 2022.2.1\;D:\LaTex\miktex\bin\x64\;C:\Program Files\dotnet\;C:\Users\Lenovo\AppData\Local\Microsoft\WindowsApps;;C:\Users\Lenovo\AppData\Local\Programs\Microsoft VS Code\bin;C:\Program Files\Azure Data Studio\bin;C:\Users\Lenovo\AppData\Roaming\npm;D:\PyCharm\PyCharm Community Edition 2022.2.1\bin;;C:\ghcup\bin;C:\Users\Lenovo\.dotnet\tools;D:\Java\IntelliJ IDEA 2022.3.2\bin;
USERNAME=Lenovo
OS=Windows_NT
PROCESSOR_IDENTIFIER=Intel64 Family 6 Model 158 Stepping 10, GenuineIntel



---------------  S Y S T E M  ---------------

OS:
 Windows 10 , 64 bit Build 19041 (10.0.19041.3031)
OS uptime: 0 days 4:26 hours

CPU: total 8 (initial active 8) (4 cores per cpu, 2 threads per core) family 6 model 158 stepping 10 microcode 0xc6, cx8, cmov, fxsr, ht, mmx, 3dnowpref, sse, sse2, sse3, ssse3, sse4.1, sse4.2, popcnt, lzcnt, tsc, tscinvbit, avx, avx2, aes, erms, clmul, bmi1, bmi2, adx, fma, vzeroupper, clflush, clflushopt

Memory: 4k page, system-wide physical 8072M (580M free)
TotalPageFile size 17222M (AvailPageFile size 3M)
current process WorkingSet (physical memory assigned to process): 62M, peak: 62M
current process commit charge ("private bytes"): 223M, peak: 223M

vm_info: Java HotSpot(TM) 64-Bit Server VM (17.0.5+9-LTS-191) for windows-amd64 JRE (17.0.5+9-LTS-191), built on Sep 13 2022 17:31:43 by "mach5one" with MS VC++ 16.8 / 16.9 (VS2019)

END.
